433
ls: /Users/borkur/Downloads/Gigaword/Data/set1.txt: No such file or directory
althingi
ls: /Users/borkur/Downloads/Gigaword/Data/set1.txt: No such file or directory
althingislog
ls: /Users/borkur/Downloads/Gigaword/Data/set1.txt: No such file or directory
baendabladid
ls: /Users/borkur/Downloads/Gigaword/Data/set1.txt: No such file or directory
bb
ls: /Users/borkur/Downloads/Gigaword/Data/set1.txt: No such file or directory
bbl
ls: /Users/borkur/Downloads/Gigaword/Data/set1.txt: No such file or directory
bleikt
ls: /Users/borkur/Downloads/Gigaword/Data/set1.txt: No such file or directory
bondi
ls: /Users/borkur/Downloads/Gigaword/Data/set1.txt: No such file or directory
bylgjan
ls: /Users/borkur/Downloads/Gigaword/Data/set1.txt: No such file or directory
dfs
ls: /Users/borkur/Downloads/Gigaword/Data/set1.txt: No such file or directory
domstolar
ls: /Users/borkur/Downloads/Gigaword/Data/set1.txt: No such file or directory
dv_is
ls: /Users/borkur/Downloads/Gigaword/Data/set1.txt: No such file or directory
eidfaxi
ls: /Users/borkur/Downloads/Gigaword/Data/set1.txt: No such file or directory
eyjafrettir
ls: /Users/borkur/Downloads/Gigaword/Data/set1.txt: No such file or directory
eyjan
ls: /Users/borkur/Downloads/Gigaword/Data/set1.txt: No such file or directory
eyjar
ls: /Users/borkur/Downloads/Gigaword/Data/set1.txt: No such file or directory
fiskifrettir
ls: /Users/borkur/Downloads/Gigaword/Data/set1.txt: No such file or directory
fjardarfrettir
ls: /Users/borkur/Downloads/Gigaword/Data/set1.txt: No such file or directory
